# JRE version: OpenJDK Runtime Environment Temurin-17.0.11+9 (17.0.11+9) (build 17.0.11+9)
# Java VM: OpenJDK 64-Bit Server VM Temurin-17.0.11+9 (17.0.11+9, mixed mode, tiered, compressed oops, compressed class ptrs, parallel gc, windows-amd64)
GC Precious Log:
 CPUs: 12 total, 12 available
 Memory: 7876M
 Large Page Support: Disabled
 NUMA Support: Disabled
 Compressed Oops: Enabled (32-bit)
 Alignments: Space 512K, Generation 512K, Heap 2M
 Heap Min Capacity: 100M
 Heap Initial Capacity: 100M
 Heap Max Capacity: 1G
 Pre-touch: Disabled
 Parallel Workers: 10
Heap:
 PSYoungGen      total 23552K, used 13148K [0x00000000eab00000, 0x00000000ec300000, 0x0000000100000000)
  eden space 22016K, 57% used [0x00000000eab00000,0x00000000eb777210,0x00000000ec080000)
  from space 1536K, 25% used [0x00000000ec080000,0x00000000ec0e0000,0x00000000ec200000)
  to   space 1024K, 0% used [0x00000000ec200000,0x00000000ec200000,0x00000000ec300000)
 ParOldGen       total 68608K, used 21884K [0x00000000c0000000, 0x00000000c4300000, 0x00000000eab00000)
  object space 68608K, 31% used [0x00000000c0000000,0x00000000c155f148,0x00000000c4300000)
 Metaspace       used 42546K, committed 43328K, reserved 1114112K
  class space    used 4330K, committed 4672K, reserved 1048576K
GC Heap History (20 events):
Event: 6.459 GC heap before
{Heap before GC invocations=10 (full 1):
 PSYoungGen      total 28160K, used 10923K [0x00000000eab00000, 0x00000000ecb80000, 0x0000000100000000)
  eden space 23552K, 28% used [0x00000000eab00000,0x00000000eb17d408,0x00000000ec200000)
  from space 4608K, 92% used [0x00000000ec700000,0x00000000ecb2d868,0x00000000ecb80000)
  to   space 4608K, 0% used [0x00000000ec280000,0x00000000ec280000,0x00000000ec700000)
 ParOldGen       total 68608K, used 7838K [0x00000000c0000000, 0x00000000c4300000, 0x00000000eab00000)
  object space 68608K, 11% used [0x00000000c0000000,0x00000000c07a78c0,0x00000000c4300000)
 Metaspace       used 35252K, committed 35840K, reserved 1114112K
  class space    used 3548K, committed 3840K, reserved 1048576K
}
Event: 6.463 GC heap after
{Heap after GC invocations=10 (full 1):
 PSYoungGen      total 27136K, used 3454K [0x00000000eab00000, 0x00000000eca00000, 0x0000000100000000)
  eden space 23552K, 0% used [0x00000000eab00000,0x00000000eab00000,0x00000000ec200000)
  from space 3584K, 96% used [0x00000000ec280000,0x00000000ec5dfb00,0x00000000ec600000)
  to   space 4096K, 0% used [0x00000000ec600000,0x00000000ec600000,0x00000000eca00000)
 ParOldGen       total 68608K, used 9365K [0x00000000c0000000, 0x00000000c4300000, 0x00000000eab00000)
  object space 68608K, 13% used [0x00000000c0000000,0x00000000c0925438,0x00000000c4300000)
 Metaspace       used 35252K, committed 35840K, reserved 1114112K
  class space    used 3548K, committed 3840K, reserved 1048576K
}
Event: 6.463 GC heap before
{Heap before GC invocations=11 (full 2):
 PSYoungGen      total 27136K, used 3454K [0x00000000eab00000, 0x00000000eca00000, 0x0000000100000000)
  eden space 23552K, 0% used [0x00000000eab00000,0x00000000eab00000,0x00000000ec200000)
  from space 3584K, 96% used [0x00000000ec280000,0x00000000ec5dfb00,0x00000000ec600000)
  to   space 4096K, 0% used [0x00000000ec600000,0x00000000ec600000,0x00000000eca00000)
 ParOldGen       total 68608K, used 9365K [0x00000000c0000000, 0x00000000c4300000, 0x00000000eab00000)
  object space 68608K, 13% used [0x00000000c0000000,0x00000000c0925438,0x00000000c4300000)
 Metaspace       used 35252K, committed 35840K, reserved 1114112K
  class space    used 3548K, committed 3840K, reserved 1048576K
}
Event: 6.488 GC heap after
{Heap after GC invocations=11 (full 2):
 PSYoungGen      total 27136K, used 0K [0x00000000eab00000, 0x00000000eca00000, 0x0000000100000000)
  eden space 23552K, 0% used [0x00000000eab00000,0x00000000eab00000,0x00000000ec200000)
  from space 3584K, 0% used [0x00000000ec280000,0x00000000ec280000,0x00000000ec600000)
  to   space 4096K, 0% used [0x00000000ec600000,0x00000000ec600000,0x00000000eca00000)
 ParOldGen       total 68608K, used 12401K [0x00000000c0000000, 0x00000000c4300000, 0x00000000eab00000)
  object space 68608K, 18% used [0x00000000c0000000,0x00000000c0c1c758,0x00000000c4300000)
 Metaspace       used 35252K, committed 35840K, reserved 1114112K
  class space    used 3548K, committed 3840K, reserved 1048576K
}
Event: 7.106 GC heap before
{Heap before GC invocations=12 (full 2):
 PSYoungGen      total 27136K, used 23552K [0x00000000eab00000, 0x00000000eca00000, 0x0000000100000000)
  eden space 23552K, 100% used [0x00000000eab00000,0x00000000ec200000,0x00000000ec200000)
  from space 3584K, 0% used [0x00000000ec280000,0x00000000ec280000,0x00000000ec600000)
  to   space 4096K, 0% used [0x00000000ec600000,0x00000000ec600000,0x00000000eca00000)
 ParOldGen       total 68608K, used 12401K [0x00000000c0000000, 0x00000000c4300000, 0x00000000eab00000)
  object space 68608K, 18% used [0x00000000c0000000,0x00000000c0c1c758,0x00000000c4300000)
 Metaspace       used 37955K, committed 38720K, reserved 1114112K
  class space    used 3842K, committed 4160K, reserved 1048576K
}
Event: 7.109 GC heap after
{Heap after GC invocations=12 (full 2):
 PSYoungGen      total 25088K, used 1792K [0x00000000eab00000, 0x00000000ec800000, 0x0000000100000000)
  eden space 23040K, 0% used [0x00000000eab00000,0x00000000eab00000,0x00000000ec180000)
  from space 2048K, 87% used [0x00000000ec600000,0x00000000ec7c00b0,0x00000000ec800000)
  to   space 2560K, 0% used [0x00000000ec300000,0x00000000ec300000,0x00000000ec580000)
 ParOldGen       total 68608K, used 12409K [0x00000000c0000000, 0x00000000c4300000, 0x00000000eab00000)
  object space 68608K, 18% used [0x00000000c0000000,0x00000000c0c1e758,0x00000000c4300000)
 Metaspace       used 37955K, committed 38720K, reserved 1114112K
  class space    used 3842K, committed 4160K, reserved 1048576K
}
Event: 7.259 GC heap before
{Heap before GC invocations=13 (full 2):
 PSYoungGen      total 25088K, used 24832K [0x00000000eab00000, 0x00000000ec800000, 0x0000000100000000)
  eden space 23040K, 100% used [0x00000000eab00000,0x00000000ec180000,0x00000000ec180000)
  from space 2048K, 87% used [0x00000000ec600000,0x00000000ec7c00b0,0x00000000ec800000)
  to   space 2560K, 0% used [0x00000000ec300000,0x00000000ec300000,0x00000000ec580000)
 ParOldGen       total 68608K, used 12409K [0x00000000c0000000, 0x00000000c4300000, 0x00000000eab00000)
  object space 68608K, 18% used [0x00000000c0000000,0x00000000c0c1e758,0x00000000c4300000)
 Metaspace       used 38000K, committed 38720K, reserved 1114112K
  class space    used 3842K, committed 4160K, reserved 1048576K
}
Event: 7.262 GC heap after
{Heap after GC invocations=13 (full 2):
 PSYoungGen      total 25088K, used 2080K [0x00000000eab00000, 0x00000000ec680000, 0x0000000100000000)
  eden space 22528K, 0% used [0x00000000eab00000,0x00000000eab00000,0x00000000ec100000)
  from space 2560K, 81% used [0x00000000ec300000,0x00000000ec508010,0x00000000ec580000)
  to   space 1024K, 0% used [0x00000000ec580000,0x00000000ec580000,0x00000000ec680000)
 ParOldGen       total 68608K, used 14080K [0x00000000c0000000, 0x00000000c4300000, 0x00000000eab00000)
  object space 68608K, 20% used [0x00000000c0000000,0x00000000c0dc00f8,0x00000000c4300000)
 Metaspace       used 38000K, committed 38720K, reserved 1114112K
  class space    used 3842K, committed 4160K, reserved 1048576K
}
Event: 7.342 GC heap before
{Heap before GC invocations=14 (full 2):
 PSYoungGen      total 25088K, used 24608K [0x00000000eab00000, 0x00000000ec680000, 0x0000000100000000)
  eden space 22528K, 100% used [0x00000000eab00000,0x00000000ec100000,0x00000000ec100000)
  from space 2560K, 81% used [0x00000000ec300000,0x00000000ec508010,0x00000000ec580000)
  to   space 1024K, 0% used [0x00000000ec580000,0x00000000ec580000,0x00000000ec680000)
 ParOldGen       total 68608K, used 14080K [0x00000000c0000000, 0x00000000c4300000, 0x00000000eab00000)
  object space 68608K, 20% used [0x00000000c0000000,0x00000000c0dc00f8,0x00000000c4300000)
 Metaspace       used 38080K, committed 38784K, reserved 1114112K
  class space    used 3849K, committed 4160K, reserved 1048576K
}
Event: 7.347 GC heap after
{Heap after GC invocations=14 (full 2):
 PSYoungGen      total 23040K, used 992K [0x00000000eab00000, 0x00000000ec880000, 0x0000000100000000)
  eden space 22016K, 0% used [0x00000000eab00000,0x00000000eab00000,0x00000000ec080000)
  from space 1024K, 96% used [0x00000000ec580000,0x00000000ec678010,0x00000000ec680000)
  to   space 4096K, 0% used [0x00000000ec080000,0x00000000ec080000,0x00000000ec480000)
 ParOldGen       total 68608K, used 16680K [0x00000000c0000000, 0x00000000c4300000, 0x00000000eab00000)
  object space 68608K, 24% used [0x00000000c0000000,0x00000000c104a0f8,0x00000000c4300000)
 Metaspace       used 38080K, committed 38784K, reserved 1114112K
  class space    used 3849K, committed 4160K, reserved 1048576K
}
Event: 7.510 GC heap before
{Heap before GC invocations=15 (full 2):
 PSYoungGen      total 23040K, used 23008K [0x00000000eab00000, 0x00000000ec880000, 0x0000000100000000)
  eden space 22016K, 100% used [0x00000000eab00000,0x00000000ec080000,0x00000000ec080000)
  from space 1024K, 96% used [0x00000000ec580000,0x00000000ec678010,0x00000000ec680000)
  to   space 4096K, 0% used [0x00000000ec080000,0x00000000ec080000,0x00000000ec480000)
 ParOldGen       total 68608K, used 16680K [0x00000000c0000000, 0x00000000c4300000, 0x00000000eab00000)
  object space 68608K, 24% used [0x00000000c0000000,0x00000000c104a0f8,0x00000000c4300000)
 Metaspace       used 38169K, committed 38912K, reserved 1114112K
  class space    used 3849K, committed 4160K, reserved 1048576K
}
Event: 7.513 GC heap after
{Heap after GC invocations=15 (full 2):
 PSYoungGen      total 24064K, used 1760K [0x00000000eab00000, 0x00000000ec600000, 0x0000000100000000)
  eden space 22016K, 0% used [0x00000000eab00000,0x00000000eab00000,0x00000000ec080000)
  from space 2048K, 85% used [0x00000000ec080000,0x00000000ec238000,0x00000000ec280000)
  to   space 2560K, 0% used [0x00000000ec380000,0x00000000ec380000,0x00000000ec600000)
 ParOldGen       total 68608K, used 17696K [0x00000000c0000000, 0x00000000c4300000, 0x00000000eab00000)
  object space 68608K, 25% used [0x00000000c0000000,0x00000000c1148108,0x00000000c4300000)
 Metaspace       used 38169K, committed 38912K, reserved 1114112K
  class space    used 3849K, committed 4160K, reserved 1048576K
}
Event: 7.650 GC heap before
{Heap before GC invocations=16 (full 2):
 PSYoungGen      total 24064K, used 23776K [0x00000000eab00000, 0x00000000ec600000, 0x0000000100000000)
  eden space 22016K, 100% used [0x00000000eab00000,0x00000000ec080000,0x00000000ec080000)
  from space 2048K, 85% used [0x00000000ec080000,0x00000000ec238000,0x00000000ec280000)
  to   space 2560K, 0% used [0x00000000ec380000,0x00000000ec380000,0x00000000ec600000)
 ParOldGen       total 68608K, used 17696K [0x00000000c0000000, 0x00000000c4300000, 0x00000000eab00000)
  object space 68608K, 25% used [0x00000000c0000000,0x00000000c1148108,0x00000000c4300000)
 Metaspace       used 38255K, committed 38976K, reserved 1114112K
  class space    used 3854K, committed 4160K, reserved 1048576K
}
Event: 7.653 GC heap after
{Heap after GC invocations=16 (full 2):
 PSYoungGen      total 24064K, used 1728K [0x00000000eab00000, 0x00000000ec580000, 0x0000000100000000)
  eden space 22016K, 0% used [0x00000000eab00000,0x00000000eab00000,0x00000000ec080000)
  from space 2048K, 84% used [0x00000000ec380000,0x00000000ec530010,0x00000000ec580000)
  to   space 2048K, 0% used [0x00000000ec080000,0x00000000ec080000,0x00000000ec280000)
 ParOldGen       total 68608K, used 19288K [0x00000000c0000000, 0x00000000c4300000, 0x00000000eab00000)
  object space 68608K, 28% used [0x00000000c0000000,0x00000000c12d6108,0x00000000c4300000)
 Metaspace       used 38255K, committed 38976K, reserved 1114112K
  class space    used 3854K, committed 4160K, reserved 1048576K
}
Event: 8.156 GC heap before
{Heap before GC invocations=17 (full 2):
 PSYoungGen      total 24064K, used 23744K [0x00000000eab00000, 0x00000000ec580000, 0x0000000100000000)
  eden space 22016K, 100% used [0x00000000eab00000,0x00000000ec080000,0x00000000ec080000)
  from space 2048K, 84% used [0x00000000ec380000,0x00000000ec530010,0x00000000ec580000)
  to   space 2048K, 0% used [0x00000000ec080000,0x00000000ec080000,0x00000000ec280000)
 ParOldGen       total 68608K, used 19288K [0x00000000c0000000, 0x00000000c4300000, 0x00000000eab00000)
  object space 68608K, 28% used [0x00000000c0000000,0x00000000c12d6108,0x00000000c4300000)
 Metaspace       used 40007K, committed 40832K, reserved 1114112K
  class space    used 4051K, committed 4416K, reserved 1048576K
}
Event: 8.160 GC heap after
{Heap after GC invocations=17 (full 2):
 PSYoungGen      total 24064K, used 1423K [0x00000000eab00000, 0x00000000ec480000, 0x0000000100000000)
  eden space 22016K, 0% used [0x00000000eab00000,0x00000000eab00000,0x00000000ec080000)
  from space 2048K, 69% used [0x00000000ec080000,0x00000000ec1e3cf0,0x00000000ec280000)
  to   space 2048K, 0% used [0x00000000ec280000,0x00000000ec280000,0x00000000ec480000)
 ParOldGen       total 68608K, used 20912K [0x00000000c0000000, 0x00000000c4300000, 0x00000000eab00000)
  object space 68608K, 30% used [0x00000000c0000000,0x00000000c146c370,0x00000000c4300000)
 Metaspace       used 40007K, committed 40832K, reserved 1114112K
  class space    used 4051K, committed 4416K, reserved 1048576K
}
Event: 8.350 GC heap before
{Heap before GC invocations=18 (full 2):
 PSYoungGen      total 24064K, used 23439K [0x00000000eab00000, 0x00000000ec480000, 0x0000000100000000)
  eden space 22016K, 100% used [0x00000000eab00000,0x00000000ec080000,0x00000000ec080000)
  from space 2048K, 69% used [0x00000000ec080000,0x00000000ec1e3cf0,0x00000000ec280000)
  to   space 2048K, 0% used [0x00000000ec280000,0x00000000ec280000,0x00000000ec480000)
 ParOldGen       total 68608K, used 20912K [0x00000000c0000000, 0x00000000c4300000, 0x00000000eab00000)
  object space 68608K, 30% used [0x00000000c0000000,0x00000000c146c370,0x00000000c4300000)
 Metaspace       used 40028K, committed 40832K, reserved 1114112K
  class space    used 4051K, committed 4416K, reserved 1048576K
}
Event: 8.352 GC heap after
{Heap after GC invocations=18 (full 2):
 PSYoungGen      total 23040K, used 955K [0x00000000eab00000, 0x00000000ec380000, 0x0000000100000000)
  eden space 22016K, 0% used [0x00000000eab00000,0x00000000eab00000,0x00000000ec080000)
  from space 1024K, 93% used [0x00000000ec280000,0x00000000ec36ed18,0x00000000ec380000)
  to   space 1536K, 0% used [0x00000000ec080000,0x00000000ec080000,0x00000000ec200000)
 ParOldGen       total 68608K, used 21852K [0x00000000c0000000, 0x00000000c4300000, 0x00000000eab00000)
  object space 68608K, 31% used [0x00000000c0000000,0x00000000c1557148,0x00000000c4300000)
 Metaspace       used 40028K, committed 40832K, reserved 1114112K
  class space    used 4051K, committed 4416K, reserved 1048576K
}
Event: 9.192 GC heap before
{Heap before GC invocations=19 (full 2):
 PSYoungGen      total 23040K, used 22923K [0x00000000eab00000, 0x00000000ec380000, 0x0000000100000000)
  eden space 22016K, 99% used [0x00000000eab00000,0x00000000ec0742b0,0x00000000ec080000)
  from space 1024K, 93% used [0x00000000ec280000,0x00000000ec36ed18,0x00000000ec380000)
  to   space 1536K, 0% used [0x00000000ec080000,0x00000000ec080000,0x00000000ec200000)
 ParOldGen       total 68608K, used 21852K [0x00000000c0000000, 0x00000000c4300000, 0x00000000eab00000)
  object space 68608K, 31% used [0x00000000c0000000,0x00000000c1557148,0x00000000c4300000)
 Metaspace       used 41754K, committed 42560K, reserved 1114112K
  class space    used 4251K, committed 4608K, reserved 1048576K
}
Event: 9.193 GC heap after
{Heap after GC invocations=19 (full 2):
 PSYoungGen      total 23552K, used 384K [0x00000000eab00000, 0x00000000ec300000, 0x0000000100000000)
  eden space 22016K, 0% used [0x00000000eab00000,0x00000000eab00000,0x00000000ec080000)
  from space 1536K, 25% used [0x00000000ec080000,0x00000000ec0e0000,0x00000000ec200000)
  to   space 1024K, 0% used [0x00000000ec200000,0x00000000ec200000,0x00000000ec300000)
 ParOldGen       total 68608K, used 21884K [0x00000000c0000000, 0x00000000c4300000, 0x00000000eab00000)
  object space 68608K, 31% used [0x00000000c0000000,0x00000000c155f148,0x00000000c4300000)
 Metaspace       used 41754K, committed 42560K, reserved 1114112K
  class space    used 4251K, committed 4608K, reserved 1048576K
}

